Performing C SOURCE FILE Test CMAKE_HAVE_LIBC_PTHREAD failed with the following output:
Change Dir: /home/matheus/Workspace/ElitesCpp/build/CMakeFiles/CMakeTmp

Run Build Command(s):/usr/bin/make cmTC_58ec5/fast && /usr/bin/make -f CMakeFiles/cmTC_58ec5.dir/build.make CMakeFiles/cmTC_58ec5.dir/build
make[1]: Entering directory '/home/matheus/Workspace/ElitesCpp/build/CMakeFiles/CMakeTmp'
Building C object CMakeFiles/cmTC_58ec5.dir/src.c.o
/usr/bin/x86_64-linux-gnu-gcc-9   -DCMAKE_HAVE_LIBC_PTHREAD   -o CMakeFiles/cmTC_58ec5.dir/src.c.o   -c /home/matheus/Workspace/ElitesCpp/build/CMakeFiles/CMakeTmp/src.c
Linking C executable cmTC_58ec5
/usr/bin/cmake -E cmake_link_script CMakeFiles/cmTC_58ec5.dir/link.txt --verbose=1
/usr/bin/x86_64-linux-gnu-gcc-9  -DCMAKE_HAVE_LIBC_PTHREAD    -rdynamic CMakeFiles/cmTC_58ec5.dir/src.c.o  -o cmTC_58ec5 
/usr/bin/ld: CMakeFiles/cmTC_58ec5.dir/src.c.o: na função "main":
src.c:(.text+0x46): referência não definida para "pthread_create"
/usr/bin/ld: src.c:(.text+0x52): referência não definida para "pthread_detach"
/usr/bin/ld: src.c:(.text+0x63): referência não definida para "pthread_join"
collect2: error: ld returned 1 exit status
make[1]: *** [CMakeFiles/cmTC_58ec5.dir/build.make:87: cmTC_58ec5] Error 1
make[1]: Leaving directory '/home/matheus/Workspace/ElitesCpp/build/CMakeFiles/CMakeTmp'
make: *** [Makefile:121: cmTC_58ec5/fast] Error 2


Source file was:
#include <pthread.h>

void* test_func(void* data)
{
  return data;
}

int main(void)
{
  pthread_t thread;
  pthread_create(&thread, NULL, test_func, NULL);
  pthread_detach(thread);
  pthread_join(thread, NULL);
  pthread_atfork(NULL, NULL, NULL);
  pthread_exit(NULL);

  return 0;
}

